2026-06-15 23:34:35,639 [max2tg] INFO: Debug mode: OFF
2026-06-15 23:34:41,204 [app.tg_sender] INFO: Telegram bot ready: @chassehiboux_max2tg_bot
2026-06-15 23:34:41,205 [max2tg] INFO: Reply to Max disabled (REPLY_ENABLED=false)
2026-06-15 23:34:41,206 [max2tg] INFO: Starting Max listener...
2026-06-15 23:34:41,206 [app.max_client] INFO: Connecting to wss://ws-api.oneme.ru/websocket ...
2026-06-15 23:34:41,709 [app.max_client] INFO: Connected. Sending handshake...
2026-06-15 23:34:41,795 [app.max_client] INFO: Handshake OK → sending auth token...
2026-06-15 23:39:13,009 [max2tg] INFO: Debug mode: OFF
2026-06-15 23:39:15,209 [app.tg_sender] INFO: Telegram bot ready: @chassehiboux_max2tg_bot
2026-06-15 23:39:15,209 [max2tg] INFO: Reply to Max disabled (REPLY_ENABLED=false)
2026-06-15 23:39:15,209 [max2tg] INFO: Starting Max listener...
2026-06-15 23:39:15,209 [app.max_client] INFO: Connecting to wss://ws-api.oneme.ru/websocket ...
2026-06-15 23:39:16,076 [app.max_client] INFO: Connected. Sending handshake...
2026-06-15 23:39:16,165 [app.max_client] INFO: Handshake OK → sending auth token...
2026-06-15 23:39:57,750 [max2tg] INFO: Stopped.
2026-06-15 23:39:57,788 [max2tg] INFO: Shutting down...
2026-06-15 23:39:58,002 [asyncio] ERROR: Task was destroyed but it is pending!
task: <Task cancelling name='Task-8' coro=<MaxClient._heartbeat_loop() done, defined at C:\Users\hex_d\Downloads\chassehiboux\max2tg\app\max_client.py:166> wait_for=<Future cancelled>>
2026-06-15 23:40:06,833 [max2tg] INFO: Debug mode: OFF
2026-06-15 23:40:09,528 [app.tg_sender] INFO: Telegram bot ready: @chassehiboux_max2tg_bot
2026-06-15 23:40:12,164 [apscheduler.scheduler] INFO: Scheduler started
2026-06-15 23:40:12,265 [max2tg] INFO: Telegram polling started (reply → Max enabled)
2026-06-15 23:40:12,266 [max2tg] INFO: Starting Max listener...
2026-06-15 23:40:12,267 [app.max_client] INFO: Connecting to wss://ws-api.oneme.ru/websocket ...
2026-06-15 23:40:12,751 [app.max_client] INFO: Connected. Sending handshake...
2026-06-15 23:40:13,090 [app.max_client] INFO: Handshake OK → sending auth token...
2026-06-15 23:41:51,860 [max2tg] INFO: Stopped.
2026-06-15 23:42:07,701 [max2tg] INFO: Debug mode: ON
2026-06-15 23:42:09,919 [telegram.Bot] DEBUG: Calling Bot API endpoint `getMe` with parameters `{}`
2026-06-15 23:42:10,376 [telegram.Bot] DEBUG: Call to Bot API endpoint `getMe` finished with return value `{'id': 8937042822, 'is_bot': True, 'first_name': 'Максим', 'username': 'chassehiboux_max2tg_bot', 'can_join_groups': True, 'can_read_all_group_messages': False, 'supports_inline_queries': False, 'supports_guest_queries': False, 'can_connect_to_business': False, 'has_main_web_app': False, 'has_topics_enabled': False, 'allows_users_to_create_topics': False, 'can_manage_bots': False, 'supports_join_request_queries': False}`
2026-06-15 23:42:10,378 [telegram.Bot] DEBUG: Calling Bot API endpoint `getMe` with parameters `{}`
2026-06-15 23:42:10,480 [telegram.Bot] DEBUG: Call to Bot API endpoint `getMe` finished with return value `{'id': 8937042822, 'is_bot': True, 'first_name': 'Максим', 'username': 'chassehiboux_max2tg_bot', 'can_join_groups': True, 'can_read_all_group_messages': False, 'supports_inline_queries': False, 'supports_guest_queries': False, 'can_connect_to_business': False, 'has_main_web_app': False, 'has_topics_enabled': False, 'allows_users_to_create_topics': False, 'can_manage_bots': False, 'supports_join_request_queries': False}`
2026-06-15 23:42:10,482 [app.tg_sender] INFO: Telegram bot ready: @chassehiboux_max2tg_bot
2026-06-15 23:42:12,116 [telegram.ext.ExtBot] DEBUG: Calling Bot API endpoint `getMe` with parameters `{}`
2026-06-15 23:42:12,530 [telegram.ext.ExtBot] DEBUG: Call to Bot API endpoint `getMe` finished with return value `{'id': 8937042822, 'is_bot': True, 'first_name': 'Максим', 'username': 'chassehiboux_max2tg_bot', 'can_join_groups': True, 'can_read_all_group_messages': False, 'supports_inline_queries': False, 'supports_guest_queries': False, 'can_connect_to_business': False, 'has_main_web_app': False, 'has_topics_enabled': False, 'allows_users_to_create_topics': False, 'can_manage_bots': False, 'supports_join_request_queries': False}`
2026-06-15 23:42:12,532 [telegram.ext.ExtBot] DEBUG: This Bot is already initialized.
2026-06-15 23:42:12,533 [apscheduler.scheduler] INFO: Scheduler started
2026-06-15 23:42:12,534 [telegram.ext.Application] DEBUG: JobQueue started
2026-06-15 23:42:12,536 [telegram.ext.Application] INFO: Application started
2026-06-15 23:42:12,536 [telegram.ext.Updater] DEBUG: Updater started (polling)
2026-06-15 23:42:12,537 [telegram.ext.Updater] DEBUG: Start network loop retry bootstrap del webhook
2026-06-15 23:42:12,538 [telegram.ext.Updater] DEBUG: Deleting webhook
2026-06-15 23:42:12,539 [telegram.ext.Updater] DEBUG: Dropping pending updates from Telegram server
2026-06-15 23:42:12,540 [telegram.ext.ExtBot] DEBUG: Calling Bot API endpoint `deleteWebhook` with parameters `{'drop_pending_updates': True}`
2026-06-15 23:42:12,542 [apscheduler.scheduler] DEBUG: Looking for jobs to run
2026-06-15 23:42:12,543 [apscheduler.scheduler] DEBUG: No jobs; waiting until a job is added
2026-06-15 23:42:12,647 [telegram.ext.ExtBot] DEBUG: Call to Bot API endpoint `deleteWebhook` finished with return value `True`
2026-06-15 23:42:12,649 [telegram.ext.Updater] DEBUG: Bootstrap done
2026-06-15 23:42:12,650 [telegram.ext.Updater] DEBUG: Waiting for polling to start
2026-06-15 23:42:12,651 [telegram.ext.Updater] DEBUG: Polling updates from Telegram started
2026-06-15 23:42:12,653 [max2tg] INFO: Telegram polling started (reply → Max enabled)
2026-06-15 23:42:12,655 [max2tg] INFO: Starting Max listener...
2026-06-15 23:42:12,658 [app.max_client] INFO: Connecting to wss://ws-api.oneme.ru/websocket ...
2026-06-15 23:42:12,669 [telegram.ext.Updater] DEBUG: Start network loop retry getting Updates
2026-06-15 23:42:12,670 [telegram.ext.ExtBot] DEBUG: Calling Bot API endpoint `getUpdates` with parameters `{'timeout': 10, 'offset': 0, 'allowed_updates': [<UpdateType.MESSAGE>, <UpdateType.EDITED_MESSAGE>, <UpdateType.CHANNEL_POST>, <UpdateType.EDITED_CHANNEL_POST>, <UpdateType.INLINE_QUERY>, <UpdateType.CHOSEN_INLINE_RESULT>, <UpdateType.CALLBACK_QUERY>, <UpdateType.SHIPPING_QUERY>, <UpdateType.PRE_CHECKOUT_QUERY>, <UpdateType.POLL>, <UpdateType.POLL_ANSWER>, <UpdateType.MY_CHAT_MEMBER>, <UpdateType.CHAT_MEMBER>, <UpdateType.CHAT_JOIN_REQUEST>, <UpdateType.CHAT_BOOST>, <UpdateType.REMOVED_CHAT_BOOST>, <UpdateType.MESSAGE_REACTION>, <UpdateType.MESSAGE_REACTION_COUNT>, <UpdateType.BUSINESS_CONNECTION>, <UpdateType.BUSINESS_MESSAGE>, <UpdateType.EDITED_BUSINESS_MESSAGE>, <UpdateType.DELETED_BUSINESS_MESSAGES>, <UpdateType.PURCHASED_PAID_MEDIA>]}`
2026-06-15 23:42:13,479 [app.max_client] INFO: Connected. Sending handshake...
2026-06-15 23:42:13,482 [app.max_client] DEBUG: >>> SEND op=6 seq=0 | {"ver": 11, "cmd": 0, "seq": 0, "opcode": 6, "payload": {"deviceId": "2ed69ca5-3e69-4e88-b6ef-6bd277b2e54c", "userAgent": {"deviceType": "WEB", "deviceName": "Chrome 131.0.0.0"}, "appVersion": "25.12.11"}}
2026-06-15 23:42:13,569 [app.max_client] INFO: Handshake OK → sending auth token...
2026-06-15 23:42:13,570 [app.max_client] DEBUG: >>> SEND op=19 seq=1 | {"ver": 11, "cmd": 0, "seq": 1, "opcode": 19, "payload": {"chatsCount": 10, "interactive": true, "token": "***"token\":\"An_Sx6HQ9HDiPjfAdkF3IUVzeCoNTpoPLMgaitKN3UBl0U2rbJAWfuNV8mYGDem8pMfQrl4APtdilNj0n6DZWpV5EUExhOE91SzL0SngbyD54B4CVmDwhCydGouR2pCaCEFNTFclbHUJ4VUPQ08cCyW_FbSifr96IJdrEsteSzBGrCHtquNz6oztfyqAFCvO-qmzt1Es0oVlcyMxVO4PfBbGUL_RfqVAA3PCpFhmBGjrSgajiZPJkWN5l5cGl7r46LKFkJCgWP6xC2SIBk33DL7PFFtybKgjNe9ciXo0GW_6loxVLQ7FwQUkZwKX4KgY4Ylm5umOG0U0g0tsTP3cCH5UDCHZfBzIelAo2gE4_S-aK5l4_SNP533aEAwiST1MDK6wLatgP5fuhf8H5A5ymKjHEorrDKH44PsOuCjmWuguuI3VvHtYPdJ0o0VMKKChtC5xR6gA8Nh2gNE8VTHvlaw-UL-213ZA0KfOUXvOhEw646Ml9GlhPGQhmSHlqj8SCTSnrs2Td2-mBKaTS8xv07yEhVvbUipZLIbvWVqXnA5GDsEerr6nUoE9eXDeLzBxDjss7eMqI03d_hsaTwPC1rhB-5dfWU2RwB9JwfkJ-Tv3QkJmUSIwNXbG14r_8_5pKpeWxv7JMKp9ccEq_qh6ND3fEh4T1P9KfnY6eqay
2026-06-15 23:42:23,163 [telegram.ext.ExtBot] DEBUG: Call to Bot API endpoint `getUpdates` finished with return value `[]`
2026-06-15 23:42:23,164 [telegram.ext.ExtBot] DEBUG: No new updates found.
2026-06-15 23:42:23,165 [telegram.ext.ExtBot] DEBUG: Calling Bot API endpoint `getUpdates` with parameters `{'timeout': 10, 'offset': 0, 'allowed_updates': [<UpdateType.MESSAGE>, <UpdateType.EDITED_MESSAGE>, <UpdateType.CHANNEL_POST>, <UpdateType.EDITED_CHANNEL_POST>, <UpdateType.INLINE_QUERY>, <UpdateType.CHOSEN_INLINE_RESULT>, <UpdateType.CALLBACK_QUERY>, <UpdateType.SHIPPING_QUERY>, <UpdateType.PRE_CHECKOUT_QUERY>, <UpdateType.POLL>, <UpdateType.POLL_ANSWER>, <UpdateType.MY_CHAT_MEMBER>, <UpdateType.CHAT_MEMBER>, <UpdateType.CHAT_JOIN_REQUEST>, <UpdateType.CHAT_BOOST>, <UpdateType.REMOVED_CHAT_BOOST>, <UpdateType.MESSAGE_REACTION>, <UpdateType.MESSAGE_REACTION_COUNT>, <UpdateType.BUSINESS_CONNECTION>, <UpdateType.BUSINESS_MESSAGE>, <UpdateType.EDITED_BUSINESS_MESSAGE>, <UpdateType.DELETED_BUSINESS_MESSAGES>, <UpdateType.PURCHASED_PAID_MEDIA>]}`
2026-06-15 23:42:33,268 [telegram.ext.ExtBot] DEBUG: Call to Bot API endpoint `getUpdates` finished with return value `[]`
2026-06-15 23:42:33,269 [telegram.ext.ExtBot] DEBUG: No new updates found.
2026-06-15 23:42:33,271 [telegram.ext.ExtBot] DEBUG: Calling Bot API endpoint `getUpdates` with parameters `{'timeout': 10, 'offset': 0, 'allowed_updates': [<UpdateType.MESSAGE>, <UpdateType.EDITED_MESSAGE>, <UpdateType.CHANNEL_POST>, <UpdateType.EDITED_CHANNEL_POST>, <UpdateType.INLINE_QUERY>, <UpdateType.CHOSEN_INLINE_RESULT>, <UpdateType.CALLBACK_QUERY>, <UpdateType.SHIPPING_QUERY>, <UpdateType.PRE_CHECKOUT_QUERY>, <UpdateType.POLL>, <UpdateType.POLL_ANSWER>, <UpdateType.MY_CHAT_MEMBER>, <UpdateType.CHAT_MEMBER>, <UpdateType.CHAT_JOIN_REQUEST>, <UpdateType.CHAT_BOOST>, <UpdateType.REMOVED_CHAT_BOOST>, <UpdateType.MESSAGE_REACTION>, <UpdateType.MESSAGE_REACTION_COUNT>, <UpdateType.BUSINESS_CONNECTION>, <UpdateType.BUSINESS_MESSAGE>, <UpdateType.EDITED_BUSINESS_MESSAGE>, <UpdateType.DELETED_BUSINESS_MESSAGES>, <UpdateType.PURCHASED_PAID_MEDIA>]}`
2026-06-15 23:42:43,363 [telegram.ext.ExtBot] DEBUG: Call to Bot API endpoint `getUpdates` finished with return value `[]`
2026-06-15 23:42:43,363 [telegram.ext.ExtBot] DEBUG: No new updates found.
2026-06-15 23:42:43,365 [telegram.ext.ExtBot] DEBUG: Calling Bot API endpoint `getUpdates` with parameters `{'timeout': 10, 'offset': 0, 'allowed_updates': [<UpdateType.MESSAGE>, <UpdateType.EDITED_MESSAGE>, <UpdateType.CHANNEL_POST>, <UpdateType.EDITED_CHANNEL_POST>, <UpdateType.INLINE_QUERY>, <UpdateType.CHOSEN_INLINE_RESULT>, <UpdateType.CALLBACK_QUERY>, <UpdateType.SHIPPING_QUERY>, <UpdateType.PRE_CHECKOUT_QUERY>, <UpdateType.POLL>, <UpdateType.POLL_ANSWER>, <UpdateType.MY_CHAT_MEMBER>, <UpdateType.CHAT_MEMBER>, <UpdateType.CHAT_JOIN_REQUEST>, <UpdateType.CHAT_BOOST>, <UpdateType.REMOVED_CHAT_BOOST>, <UpdateType.MESSAGE_REACTION>, <UpdateType.MESSAGE_REACTION_COUNT>, <UpdateType.BUSINESS_CONNECTION>, <UpdateType.BUSINESS_MESSAGE>, <UpdateType.EDITED_BUSINESS_MESSAGE>, <UpdateType.DELETED_BUSINESS_MESSAGES>, <UpdateType.PURCHASED_PAID_MEDIA>]}`
2026-06-15 23:42:43,490 [app.max_client] DEBUG: >>> SEND op=1 seq=2 | {"ver": 11, "cmd": 0, "seq": 2, "opcode": 1, "payload": {"interactive": false}}
2026-06-15 23:42:43,582 [app.max_client] DEBUG: Heartbeat op=1
2026-06-15 23:42:53,464 [telegram.ext.ExtBot] DEBUG: Call to Bot API endpoint `getUpdates` finished with return value `[]`
2026-06-15 23:42:53,465 [telegram.ext.ExtBot] DEBUG: No new updates found.
2026-06-15 23:42:53,466 [telegram.ext.ExtBot] DEBUG: Calling Bot API endpoint `getUpdates` with parameters `{'timeout': 10, 'offset': 0, 'allowed_updates': [<UpdateType.MESSAGE>, <UpdateType.EDITED_MESSAGE>, <UpdateType.CHANNEL_POST>, <UpdateType.EDITED_CHANNEL_POST>, <UpdateType.INLINE_QUERY>, <UpdateType.CHOSEN_INLINE_RESULT>, <UpdateType.CALLBACK_QUERY>, <UpdateType.SHIPPING_QUERY>, <UpdateType.PRE_CHECKOUT_QUERY>, <UpdateType.POLL>, <UpdateType.POLL_ANSWER>, <UpdateType.MY_CHAT_MEMBER>, <UpdateType.CHAT_MEMBER>, <UpdateType.CHAT_JOIN_REQUEST>, <UpdateType.CHAT_BOOST>, <UpdateType.REMOVED_CHAT_BOOST>, <UpdateType.MESSAGE_REACTION>, <UpdateType.MESSAGE_REACTION_COUNT>, <UpdateType.BUSINESS_CONNECTION>, <UpdateType.BUSINESS_MESSAGE>, <UpdateType.EDITED_BUSINESS_MESSAGE>, <UpdateType.DELETED_BUSINESS_MESSAGES>, <UpdateType.PURCHASED_PAID_MEDIA>]}`
2026-06-15 23:43:03,559 [telegram.ext.ExtBot] DEBUG: Call to Bot API endpoint `getUpdates` finished with return value `[]`
2026-06-15 23:43:03,561 [telegram.ext.ExtBot] DEBUG: No new updates found.
2026-06-15 23:43:03,562 [telegram.ext.ExtBot] DEBUG: Calling Bot API endpoint `getUpdates` with parameters `{'timeout': 10, 'offset': 0, 'allowed_updates': [<UpdateType.MESSAGE>, <UpdateType.EDITED_MESSAGE>, <UpdateType.CHANNEL_POST>, <UpdateType.EDITED_CHANNEL_POST>, <UpdateType.INLINE_QUERY>, <UpdateType.CHOSEN_INLINE_RESULT>, <UpdateType.CALLBACK_QUERY>, <UpdateType.SHIPPING_QUERY>, <UpdateType.PRE_CHECKOUT_QUERY>, <UpdateType.POLL>, <UpdateType.POLL_ANSWER>, <UpdateType.MY_CHAT_MEMBER>, <UpdateType.CHAT_MEMBER>, <UpdateType.CHAT_JOIN_REQUEST>, <UpdateType.CHAT_BOOST>, <UpdateType.REMOVED_CHAT_BOOST>, <UpdateType.MESSAGE_REACTION>, <UpdateType.MESSAGE_REACTION_COUNT>, <UpdateType.BUSINESS_CONNECTION>, <UpdateType.BUSINESS_MESSAGE>, <UpdateType.EDITED_BUSINESS_MESSAGE>, <UpdateType.DELETED_BUSINESS_MESSAGES>, <UpdateType.PURCHASED_PAID_MEDIA>]}`
2026-06-15 23:43:13,508 [app.max_client] DEBUG: >>> SEND op=1 seq=3 | {"ver": 11, "cmd": 0, "seq": 3, "opcode": 1, "payload": {"interactive": false}}
2026-06-15 23:43:18,570 [telegram.ext.Updater] DEBUG: Timed out getting Updates: Timed out
2026-06-15 23:43:18,572 [telegram.ext.ExtBot] DEBUG: Calling Bot API endpoint `getUpdates` with parameters `{'timeout': 10, 'offset': 0, 'allowed_updates': [<UpdateType.MESSAGE>, <UpdateType.EDITED_MESSAGE>, <UpdateType.CHANNEL_POST>, <UpdateType.EDITED_CHANNEL_POST>, <UpdateType.INLINE_QUERY>, <UpdateType.CHOSEN_INLINE_RESULT>, <UpdateType.CALLBACK_QUERY>, <UpdateType.SHIPPING_QUERY>, <UpdateType.PRE_CHECKOUT_QUERY>, <UpdateType.POLL>, <UpdateType.POLL_ANSWER>, <UpdateType.MY_CHAT_MEMBER>, <UpdateType.CHAT_MEMBER>, <UpdateType.CHAT_JOIN_REQUEST>, <UpdateType.CHAT_BOOST>, <UpdateType.REMOVED_CHAT_BOOST>, <UpdateType.MESSAGE_REACTION>, <UpdateType.MESSAGE_REACTION_COUNT>, <UpdateType.BUSINESS_CONNECTION>, <UpdateType.BUSINESS_MESSAGE>, <UpdateType.EDITED_BUSINESS_MESSAGE>, <UpdateType.DELETED_BUSINESS_MESSAGES>, <UpdateType.PURCHASED_PAID_MEDIA>]}`
2026-06-15 23:43:23,586 [telegram.ext.Updater] DEBUG: Timed out getting Updates: Timed out
2026-06-15 23:43:23,588 [telegram.ext.ExtBot] DEBUG: Calling Bot API endpoint `getUpdates` with parameters `{'timeout': 10, 'offset': 0, 'allowed_updates': [<UpdateType.MESSAGE>, <UpdateType.EDITED_MESSAGE>, <UpdateType.CHANNEL_POST>, <UpdateType.EDITED_CHANNEL_POST>, <UpdateType.INLINE_QUERY>, <UpdateType.CHOSEN_INLINE_RESULT>, <UpdateType.CALLBACK_QUERY>, <UpdateType.SHIPPING_QUERY>, <UpdateType.PRE_CHECKOUT_QUERY>, <UpdateType.POLL>, <UpdateType.POLL_ANSWER>, <UpdateType.MY_CHAT_MEMBER>, <UpdateType.CHAT_MEMBER>, <UpdateType.CHAT_JOIN_REQUEST>, <UpdateType.CHAT_BOOST>, <UpdateType.REMOVED_CHAT_BOOST>, <UpdateType.MESSAGE_REACTION>, <UpdateType.MESSAGE_REACTION_COUNT>, <UpdateType.BUSINESS_CONNECTION>, <UpdateType.BUSINESS_MESSAGE>, <UpdateType.EDITED_BUSINESS_MESSAGE>, <UpdateType.DELETED_BUSINESS_MESSAGES>, <UpdateType.PURCHASED_PAID_MEDIA>]}`
2026-06-15 23:43:28,593 [telegram.ext.Updater] DEBUG: Timed out getting Updates: Timed out
2026-06-15 23:43:28,593 [telegram.ext.ExtBot] DEBUG: Calling Bot API endpoint `getUpdates` with parameters `{'timeout': 10, 'offset': 0, 'allowed_updates': [<UpdateType.MESSAGE>, <UpdateType.EDITED_MESSAGE>, <UpdateType.CHANNEL_POST>, <UpdateType.EDITED_CHANNEL_POST>, <UpdateType.INLINE_QUERY>, <UpdateType.CHOSEN_INLINE_RESULT>, <UpdateType.CALLBACK_QUERY>, <UpdateType.SHIPPING_QUERY>, <UpdateType.PRE_CHECKOUT_QUERY>, <UpdateType.POLL>, <UpdateType.POLL_ANSWER>, <UpdateType.MY_CHAT_MEMBER>, <UpdateType.CHAT_MEMBER>, <UpdateType.CHAT_JOIN_REQUEST>, <UpdateType.CHAT_BOOST>, <UpdateType.REMOVED_CHAT_BOOST>, <UpdateType.MESSAGE_REACTION>, <UpdateType.MESSAGE_REACTION_COUNT>, <UpdateType.BUSINESS_CONNECTION>, <UpdateType.BUSINESS_MESSAGE>, <UpdateType.EDITED_BUSINESS_MESSAGE>, <UpdateType.DELETED_BUSINESS_MESSAGES>, <UpdateType.PURCHASED_PAID_MEDIA>]}`
2026-06-15 23:43:32,646 [telegram.Bot] DEBUG: Calling Bot API endpoint `sendMessage` with parameters `{'chat_id': '491532109', 'text': '⚠️ <b>Max:</b> соединение потеряно, переподключение...', 'parse_mode': <ParseMode.HTML>}`
2026-06-15 23:43:33,610 [telegram.ext.Updater] DEBUG: Timed out getting Updates: Timed out
2026-06-15 23:43:33,613 [telegram.ext.ExtBot] DEBUG: Calling Bot API endpoint `getUpdates` with parameters `{'timeout': 10, 'offset': 0, 'allowed_updates': [<UpdateType.MESSAGE>, <UpdateType.EDITED_MESSAGE>, <UpdateType.CHANNEL_POST>, <UpdateType.EDITED_CHANNEL_POST>, <UpdateType.INLINE_QUERY>, <UpdateType.CHOSEN_INLINE_RESULT>, <UpdateType.CALLBACK_QUERY>, <UpdateType.SHIPPING_QUERY>, <UpdateType.PRE_CHECKOUT_QUERY>, <UpdateType.POLL>, <UpdateType.POLL_ANSWER>, <UpdateType.MY_CHAT_MEMBER>, <UpdateType.CHAT_MEMBER>, <UpdateType.CHAT_JOIN_REQUEST>, <UpdateType.CHAT_BOOST>, <UpdateType.REMOVED_CHAT_BOOST>, <UpdateType.MESSAGE_REACTION>, <UpdateType.MESSAGE_REACTION_COUNT>, <UpdateType.BUSINESS_CONNECTION>, <UpdateType.BUSINESS_MESSAGE>, <UpdateType.EDITED_BUSINESS_MESSAGE>, <UpdateType.DELETED_BUSINESS_MESSAGES>, <UpdateType.PURCHASED_PAID_MEDIA>]}`
2026-06-15 23:43:37,675 [app.tg_sender] WARNING: Telegram timeout (attempt 1/3)
2026-06-15 23:43:38,632 [telegram.ext.Updater] DEBUG: Timed out getting Updates: Timed out
2026-06-15 23:43:38,634 [telegram.ext.ExtBot] DEBUG: Calling Bot API endpoint `getUpdates` with parameters `{'timeout': 10, 'offset': 0, 'allowed_updates': [<UpdateType.MESSAGE>, <UpdateType.EDITED_MESSAGE>, <UpdateType.CHANNEL_POST>, <UpdateType.EDITED_CHANNEL_POST>, <UpdateType.INLINE_QUERY>, <UpdateType.CHOSEN_INLINE_RESULT>, <UpdateType.CALLBACK_QUERY>, <UpdateType.SHIPPING_QUERY>, <UpdateType.PRE_CHECKOUT_QUERY>, <UpdateType.POLL>, <UpdateType.POLL_ANSWER>, <UpdateType.MY_CHAT_MEMBER>, <UpdateType.CHAT_MEMBER>, <UpdateType.CHAT_JOIN_REQUEST>, <UpdateType.CHAT_BOOST>, <UpdateType.REMOVED_CHAT_BOOST>, <UpdateType.MESSAGE_REACTION>, <UpdateType.MESSAGE_REACTION_COUNT>, <UpdateType.BUSINESS_CONNECTION>, <UpdateType.BUSINESS_MESSAGE>, <UpdateType.EDITED_BUSINESS_MESSAGE>, <UpdateType.DELETED_BUSINESS_MESSAGES>, <UpdateType.PURCHASED_PAID_MEDIA>]}`
2026-06-15 23:43:39,676 [telegram.Bot] DEBUG: Calling Bot API endpoint `sendMessage` with parameters `{'chat_id': '491532109', 'text': '⚠️ <b>Max:</b> соединение потеряно, переподключение...', 'parse_mode': <ParseMode.HTML>}`
2026-06-15 23:43:43,196 [max2tg] INFO: Stopped.
2026-06-15 23:46:08,218 [max2tg] INFO: Debug mode: OFF
2026-06-15 23:46:26,323 [max2tg] INFO: Debug mode: OFF
2026-06-15 23:46:30,552 [app.tg_sender] INFO: Telegram bot ready: @chassehiboux_max2tg_bot
2026-06-15 23:46:34,278 [apscheduler.scheduler] INFO: Scheduler started
2026-06-15 23:46:34,457 [max2tg] INFO: Telegram polling started (reply → Max enabled)
2026-06-15 23:46:34,458 [max2tg] INFO: Starting Max listener...
2026-06-15 23:46:34,459 [app.max_client] INFO: Connecting to wss://ws-api.oneme.ru/websocket ...
2026-06-15 23:46:34,976 [app.max_client] INFO: Connected. Sending handshake...
2026-06-15 23:46:35,060 [app.max_client] INFO: Handshake OK → sending auth token...
2026-06-15 23:47:54,666 [max2tg] INFO: Stopped.
2026-06-15 23:48:46,357 [max2tg] INFO: Debug mode: OFF
2026-06-15 23:49:11,091 [max2tg] INFO: Debug mode: OFF
2026-06-15 23:49:40,976 [max2tg] INFO: Debug mode: OFF
2026-06-15 23:49:40,977 [max2tg] INFO: Using Telegram proxy: socks5://188.253.23.149:3129
2026-06-15 23:50:36,314 [max2tg] INFO: Debug mode: OFF
2026-06-15 23:50:36,315 [max2tg] INFO: Using Telegram proxy: 188.253.23.149:3129
2026-06-15 23:50:39,391 [app.tg_sender] INFO: Telegram bot ready: @chassehiboux_max2tg_bot
2026-06-15 23:50:42,940 [apscheduler.scheduler] INFO: Scheduler started
2026-06-15 23:50:43,111 [max2tg] INFO: Telegram polling started (reply → Max enabled)
2026-06-15 23:50:43,112 [max2tg] INFO: Starting Max listener...
2026-06-15 23:50:43,112 [app.max_client] INFO: Connecting to wss://ws-api.oneme.ru/websocket ...
2026-06-15 23:50:43,282 [app.max_client] INFO: Connected. Sending handshake...
2026-06-15 23:50:43,320 [app.max_client] INFO: Handshake OK → sending auth token...
2026-06-15 23:52:52,059 [max2tg] INFO: Stopped.
2026-06-15 23:52:58,776 [max2tg] INFO: Debug mode: OFF
2026-06-15 23:52:58,777 [max2tg] INFO: Using Telegram proxy: 188.253.23.149:3129
2026-06-15 23:53:02,932 [app.tg_sender] INFO: Telegram bot ready: @chassehiboux_max2tg_bot
2026-06-15 23:53:08,089 [apscheduler.scheduler] INFO: Scheduler started
2026-06-15 23:53:08,184 [max2tg] INFO: Telegram polling started (reply → Max enabled)
2026-06-15 23:53:08,185 [max2tg] INFO: Starting Max listener...
2026-06-15 23:53:08,186 [app.max_client] INFO: Connecting to wss://ws-api.oneme.ru/websocket ...
2026-06-15 23:53:08,362 [app.max_client] INFO: Connected. Sending handshake...
2026-06-15 23:53:08,403 [app.max_client] INFO: Handshake OK → sending auth token...
2026-06-15 23:53:43,749 [max2tg] INFO: Stopped.
2026-06-15 23:54:03,721 [max2tg] INFO: Debug mode: OFF
2026-06-15 23:54:03,722 [max2tg] INFO: Using Telegram proxy: 188.253.23.149:3129
2026-06-15 23:54:07,378 [app.tg_sender] INFO: Telegram bot ready: @chassehiboux_max2tg_bot
2026-06-15 23:54:11,491 [apscheduler.scheduler] INFO: Scheduler started
2026-06-15 23:54:11,579 [max2tg] INFO: Telegram polling started (reply → Max enabled)
2026-06-15 23:54:11,580 [max2tg] INFO: Starting Max listener...
2026-06-15 23:54:11,581 [app.max_client] INFO: Connecting to wss://ws-api.oneme.ru/websocket ...
2026-06-15 23:54:11,745 [app.max_client] INFO: Connected. Sending handshake...
2026-06-15 23:54:11,783 [app.max_client] INFO: Handshake OK → sending auth token...
2026-06-15 23:57:19,731 [max2tg] INFO: Stopped.
2026-06-16 00:02:37,458 [max2tg] INFO: Debug mode: OFF
2026-06-16 00:02:37,460 [max2tg] INFO: Using Telegram proxy: 188.253.23.149:3129
2026-06-16 00:02:41,178 [app.tg_sender] INFO: Telegram bot ready: @chassehiboux_max2tg_bot
2026-06-16 00:02:44,913 [max2tg] INFO: Telegram polling started (reply → Max enabled)
2026-06-16 00:02:44,918 [max2tg] INFO: Starting Max listener...
2026-06-16 00:02:44,920 [app.max_client] INFO: Connecting to wss://ws-api.oneme.ru/websocket ...
2026-06-16 00:02:45,450 [app.max_client] INFO: Connected. Sending handshake...
2026-06-16 00:02:45,531 [app.max_client] INFO: Handshake OK → sending auth token...
2026-06-16 00:02:56,359 [max2tg] INFO: Stopped.
2026-06-16 00:04:10,816 [max2tg] INFO: Debug mode: OFF
2026-06-16 00:04:10,818 [max2tg] INFO: Using Telegram proxy: 188.253.23.149:3129
2026-06-16 00:04:15,075 [app.tg_sender] INFO: Telegram bot ready: @chassehiboux_max2tg_bot
2026-06-16 00:04:19,191 [max2tg] INFO: Telegram polling started (reply → Max enabled)
2026-06-16 00:04:19,192 [max2tg] INFO: Starting Max listener...
2026-06-16 00:04:19,195 [app.max_client] INFO: Connecting to wss://ws-api.oneme.ru/websocket ...
2026-06-16 00:04:19,496 [app.max_client] INFO: Connected. Sending handshake...
2026-06-16 00:04:19,538 [app.max_client] INFO: Handshake OK → sending auth token...
2026-06-16 00:04:50,356 [app.tg_sender] ERROR: Failed to send to Telegram (attempt 1/3)
Traceback (most recent call last):
  File "C:\Users\hex_d\Downloads\chassehiboux\max2tg\app\tg_sender.py", line 53, in _retry
    return await coro_factory()
           ^^^^^^^^^^^^^^^^^^^^
  File "C:\Users\hex_d\Downloads\chassehiboux\max2tg\.venv\Lib\site-packages\telegram\_bot.py", line 1138, in send_message
    return await self._send_message(
           ^^^^^^^^^^^^^^^^^^^^^^^^^
  File "C:\Users\hex_d\Downloads\chassehiboux\max2tg\.venv\Lib\site-packages\telegram\_bot.py", line 828, in _send_message
    result = await self._post(
             ^^^^^^^^^^^^^^^^^
  File "C:\Users\hex_d\Downloads\chassehiboux\max2tg\.venv\Lib\site-packages\telegram\_bot.py", line 712, in _post
    return await self._do_post(
           ^^^^^^^^^^^^^^^^^^^^
  File "C:\Users\hex_d\Downloads\chassehiboux\max2tg\.venv\Lib\site-packages\telegram\_bot.py", line 741, in _do_post
    result = await request.post(
             ^^^^^^^^^^^^^^^^^^^
  File "C:\Users\hex_d\Downloads\chassehiboux\max2tg\.venv\Lib\site-packages\telegram\request\_baserequest.py", line 198, in post
    result = await self._request_wrapper(
             ^^^^^^^^^^^^^^^^^^^^^^^^^^^^
  File "C:\Users\hex_d\Downloads\chassehiboux\max2tg\.venv\Lib\site-packages\telegram\request\_baserequest.py", line 375, in _request_wrapper
    raise exception
telegram.error.BadRequest: Chat not found
2026-06-16 00:04:53,041 [app.tg_sender] ERROR: Failed to send to Telegram (attempt 2/3)
Traceback (most recent call last):
  File "C:\Users\hex_d\Downloads\chassehiboux\max2tg\app\tg_sender.py", line 53, in _retry
    return await coro_factory()
           ^^^^^^^^^^^^^^^^^^^^
  File "C:\Users\hex_d\Downloads\chassehiboux\max2tg\.venv\Lib\site-packages\telegram\_bot.py", line 1138, in send_message
    return await self._send_message(
           ^^^^^^^^^^^^^^^^^^^^^^^^^
  File "C:\Users\hex_d\Downloads\chassehiboux\max2tg\.venv\Lib\site-packages\telegram\_bot.py", line 828, in _send_message
    result = await self._post(
             ^^^^^^^^^^^^^^^^^
  File "C:\Users\hex_d\Downloads\chassehiboux\max2tg\.venv\Lib\site-packages\telegram\_bot.py", line 712, in _post
    return await self._do_post(
           ^^^^^^^^^^^^^^^^^^^^
  File "C:\Users\hex_d\Downloads\chassehiboux\max2tg\.venv\Lib\site-packages\telegram\_bot.py", line 741, in _do_post
    result = await request.post(
             ^^^^^^^^^^^^^^^^^^^
  File "C:\Users\hex_d\Downloads\chassehiboux\max2tg\.venv\Lib\site-packages\telegram\request\_baserequest.py", line 198, in post
    result = await self._request_wrapper(
             ^^^^^^^^^^^^^^^^^^^^^^^^^^^^
  File "C:\Users\hex_d\Downloads\chassehiboux\max2tg\.venv\Lib\site-packages\telegram\request\_baserequest.py", line 375, in _request_wrapper
    raise exception
telegram.error.BadRequest: Chat not found
2026-06-16 00:04:57,227 [app.tg_sender] ERROR: Failed to send to Telegram (attempt 3/3)
Traceback (most recent call last):
  File "C:\Users\hex_d\Downloads\chassehiboux\max2tg\app\tg_sender.py", line 53, in _retry
    return await coro_factory()
           ^^^^^^^^^^^^^^^^^^^^
  File "C:\Users\hex_d\Downloads\chassehiboux\max2tg\.venv\Lib\site-packages\telegram\_bot.py", line 1138, in send_message
    return await self._send_message(
           ^^^^^^^^^^^^^^^^^^^^^^^^^
  File "C:\Users\hex_d\Downloads\chassehiboux\max2tg\.venv\Lib\site-packages\telegram\_bot.py", line 828, in _send_message
    result = await self._post(
             ^^^^^^^^^^^^^^^^^
  File "C:\Users\hex_d\Downloads\chassehiboux\max2tg\.venv\Lib\site-packages\telegram\_bot.py", line 712, in _post
    return await self._do_post(
           ^^^^^^^^^^^^^^^^^^^^
  File "C:\Users\hex_d\Downloads\chassehiboux\max2tg\.venv\Lib\site-packages\telegram\_bot.py", line 741, in _do_post
    result = await request.post(
             ^^^^^^^^^^^^^^^^^^^
  File "C:\Users\hex_d\Downloads\chassehiboux\max2tg\.venv\Lib\site-packages\telegram\request\_baserequest.py", line 198, in post
    result = await self._request_wrapper(
             ^^^^^^^^^^^^^^^^^^^^^^^^^^^^
  File "C:\Users\hex_d\Downloads\chassehiboux\max2tg\.venv\Lib\site-packages\telegram\request\_baserequest.py", line 375, in _request_wrapper
    raise exception
telegram.error.BadRequest: Chat not found
2026-06-16 00:04:57,231 [app.max_client] INFO: Reconnecting in 5s...
2026-06-16 00:05:02,238 [app.max_client] INFO: Connecting to wss://ws-api.oneme.ru/websocket ...
2026-06-16 00:05:02,433 [app.max_client] INFO: Connected. Sending handshake...
2026-06-16 00:05:02,475 [app.max_client] INFO: Handshake OK → sending auth token...
2026-06-16 00:05:26,366 [max2tg] INFO: Stopped.
2026-06-16 00:17:47,391 [max2tg] INFO: Debug mode: OFF
2026-06-16 00:17:47,394 [max2tg] INFO: Using Telegram proxy: 188.253.23.149:3129
2026-06-16 00:17:51,384 [app.tg_sender] INFO: Telegram bot ready: @chassehiboux_max2tg_bot
2026-06-16 00:17:57,284 [apscheduler.scheduler] INFO: Scheduler started
2026-06-16 00:17:57,376 [max2tg] INFO: Telegram polling started (reply → Max enabled)
2026-06-16 00:17:57,391 [max2tg] INFO: Starting Max listener...
2026-06-16 00:17:57,399 [app.max_client] INFO: Connecting to wss://ws-api.oneme.ru/websocket ...
2026-06-16 00:17:57,876 [app.max_client] INFO: Connected. Sending handshake...
2026-06-16 00:17:57,970 [app.max_client] INFO: Handshake OK → sending auth token...
2026-06-16 00:17:58,153 [app.max_client] INFO: Authorized! my_id=140241956
2026-06-16 00:17:58,155 [app.resolver] INFO: Snapshot parsed: 10 chats, my_id=140241956, 29 participant IDs to resolve
2026-06-16 00:17:58,157 [app.max_listener] INFO: Batch-resolving 29 participants...
2026-06-16 00:18:08,169 [app.resolver] WARNING: Contact prefetch timed out after 10.0s: completed 0/2 chunks
2026-06-16 00:18:08,175 [app.max_listener] INFO: Resolved users: {140241956: 'Данил Зуйкевич'}
2026-06-16 00:18:08,176 [app.max_listener] INFO: Known chats: {1277756: 'DM:138973976', 139698303: 'DM:543835', -72005735508164: 'Первый Ягодный Курган', -68993983384096: 'АО "Энергосбытовая компания "Восток"', -72950460355122: 'Восток.Важно', -69694101241935: 'ВЗИД Состояние работы ПК Пирамида', 183364971: 'DM:45482319', 175301906: 'DM:36243766', 197135147: 'DM:60548879', 157280805: 'DM:17040897'}
2026-06-16 00:18:08,176 [app.max_listener] INFO: Known users: {140241956: 'Данил Зуйкевич'}
2026-06-16 00:18:09,162 [app.tg_sender] ERROR: Failed to send to Telegram (attempt 1/3)
Traceback (most recent call last):
  File "C:\Users\hex_d\Downloads\chassehiboux\max2tg\app\tg_sender.py", line 53, in _retry
    return await coro_factory()
           ^^^^^^^^^^^^^^^^^^^^
  File "C:\Users\hex_d\AppData\Local\Programs\Python\Python312\Lib\site-packages\telegram\_bot.py", line 1017, in send_message
    return await self._send_message(
           ^^^^^^^^^^^^^^^^^^^^^^^^^
  File "C:\Users\hex_d\AppData\Local\Programs\Python\Python312\Lib\site-packages\telegram\_bot.py", line 729, in _send_message
    result = await self._post(
             ^^^^^^^^^^^^^^^^^
  File "C:\Users\hex_d\AppData\Local\Programs\Python\Python312\Lib\site-packages\telegram\_bot.py", line 617, in _post
    return await self._do_post(
           ^^^^^^^^^^^^^^^^^^^^
  File "C:\Users\hex_d\AppData\Local\Programs\Python\Python312\Lib\site-packages\telegram\_bot.py", line 646, in _do_post
    result = await request.post(
             ^^^^^^^^^^^^^^^^^^^
  File "C:\Users\hex_d\AppData\Local\Programs\Python\Python312\Lib\site-packages\telegram\request\_baserequest.py", line 202, in post
    result = await self._request_wrapper(
             ^^^^^^^^^^^^^^^^^^^^^^^^^^^^
  File "C:\Users\hex_d\AppData\Local\Programs\Python\Python312\Lib\site-packages\telegram\request\_baserequest.py", line 383, in _request_wrapper
    raise BadRequest(message)
telegram.error.BadRequest: Chat not found
2026-06-16 00:18:11,378 [app.tg_sender] ERROR: Failed to send to Telegram (attempt 2/3)
Traceback (most recent call last):
  File "C:\Users\hex_d\Downloads\chassehiboux\max2tg\app\tg_sender.py", line 53, in _retry
    return await coro_factory()
           ^^^^^^^^^^^^^^^^^^^^
  File "C:\Users\hex_d\AppData\Local\Programs\Python\Python312\Lib\site-packages\telegram\_bot.py", line 1017, in send_message
    return await self._send_message(
           ^^^^^^^^^^^^^^^^^^^^^^^^^
  File "C:\Users\hex_d\AppData\Local\Programs\Python\Python312\Lib\site-packages\telegram\_bot.py", line 729, in _send_message
    result = await self._post(
             ^^^^^^^^^^^^^^^^^
  File "C:\Users\hex_d\AppData\Local\Programs\Python\Python312\Lib\site-packages\telegram\_bot.py", line 617, in _post
    return await self._do_post(
           ^^^^^^^^^^^^^^^^^^^^
  File "C:\Users\hex_d\AppData\Local\Programs\Python\Python312\Lib\site-packages\telegram\_bot.py", line 646, in _do_post
    result = await request.post(
             ^^^^^^^^^^^^^^^^^^^
  File "C:\Users\hex_d\AppData\Local\Programs\Python\Python312\Lib\site-packages\telegram\request\_baserequest.py", line 202, in post
    result = await self._request_wrapper(
             ^^^^^^^^^^^^^^^^^^^^^^^^^^^^
  File "C:\Users\hex_d\AppData\Local\Programs\Python\Python312\Lib\site-packages\telegram\request\_baserequest.py", line 383, in _request_wrapper
    raise BadRequest(message)
telegram.error.BadRequest: Chat not found
2026-06-16 00:18:15,516 [app.tg_sender] ERROR: Failed to send to Telegram (attempt 3/3)
Traceback (most recent call last):
  File "C:\Users\hex_d\Downloads\chassehiboux\max2tg\app\tg_sender.py", line 53, in _retry
    return await coro_factory()
           ^^^^^^^^^^^^^^^^^^^^
  File "C:\Users\hex_d\AppData\Local\Programs\Python\Python312\Lib\site-packages\telegram\_bot.py", line 1017, in send_message
    return await self._send_message(
           ^^^^^^^^^^^^^^^^^^^^^^^^^
  File "C:\Users\hex_d\AppData\Local\Programs\Python\Python312\Lib\site-packages\telegram\_bot.py", line 729, in _send_message
    result = await self._post(
             ^^^^^^^^^^^^^^^^^
  File "C:\Users\hex_d\AppData\Local\Programs\Python\Python312\Lib\site-packages\telegram\_bot.py", line 617, in _post
    return await self._do_post(
           ^^^^^^^^^^^^^^^^^^^^
  File "C:\Users\hex_d\AppData\Local\Programs\Python\Python312\Lib\site-packages\telegram\_bot.py", line 646, in _do_post
    result = await request.post(
             ^^^^^^^^^^^^^^^^^^^
  File "C:\Users\hex_d\AppData\Local\Programs\Python\Python312\Lib\site-packages\telegram\request\_baserequest.py", line 202, in post
    result = await self._request_wrapper(
             ^^^^^^^^^^^^^^^^^^^^^^^^^^^^
  File "C:\Users\hex_d\AppData\Local\Programs\Python\Python312\Lib\site-packages\telegram\request\_baserequest.py", line 383, in _request_wrapper
    raise BadRequest(message)
telegram.error.BadRequest: Chat not found
2026-06-16 00:19:07,710 [max2tg] INFO: Debug mode: ON
2026-06-16 00:19:07,717 [max2tg] INFO: Using Telegram proxy: 188.253.23.149:3129
2026-06-16 00:19:10,043 [telegram.Bot] DEBUG: Calling Bot API endpoint `getMe` with parameters `{}`
2026-06-16 00:19:11,012 [telegram.Bot] DEBUG: Call to Bot API endpoint `getMe` finished with return value `{'id': 8937042822, 'is_bot': True, 'first_name': 'Максим', 'username': 'chassehiboux_max2tg_bot', 'can_join_groups': True, 'can_read_all_group_messages': False, 'supports_inline_queries': False, 'supports_guest_queries': False, 'can_connect_to_business': False, 'has_main_web_app': False, 'has_topics_enabled': False, 'allows_users_to_create_topics': False, 'can_manage_bots': False, 'supports_join_request_queries': False}`
2026-06-16 00:19:11,014 [telegram.Bot] DEBUG: Calling Bot API endpoint `getMe` with parameters `{}`
2026-06-16 00:19:11,100 [telegram.Bot] DEBUG: Call to Bot API endpoint `getMe` finished with return value `{'id': 8937042822, 'is_bot': True, 'first_name': 'Максим', 'username': 'chassehiboux_max2tg_bot', 'can_join_groups': True, 'can_read_all_group_messages': False, 'supports_inline_queries': False, 'supports_guest_queries': False, 'can_connect_to_business': False, 'has_main_web_app': False, 'has_topics_enabled': False, 'allows_users_to_create_topics': False, 'can_manage_bots': False, 'supports_join_request_queries': False}`
2026-06-16 00:19:11,104 [app.tg_sender] INFO: Telegram bot ready: @chassehiboux_max2tg_bot
2026-06-16 00:19:14,678 [telegram.ext.ExtBot] DEBUG: Calling Bot API endpoint `getMe` with parameters `{}`
2026-06-16 00:19:15,739 [telegram.ext.ExtBot] DEBUG: Call to Bot API endpoint `getMe` finished with return value `{'id': 8937042822, 'is_bot': True, 'first_name': 'Максим', 'username': 'chassehiboux_max2tg_bot', 'can_join_groups': True, 'can_read_all_group_messages': False, 'supports_inline_queries': False, 'supports_guest_queries': False, 'can_connect_to_business': False, 'has_main_web_app': False, 'has_topics_enabled': False, 'allows_users_to_create_topics': False, 'can_manage_bots': False, 'supports_join_request_queries': False}`
2026-06-16 00:19:15,744 [telegram.ext.ExtBot] DEBUG: This Bot is already initialized.
2026-06-16 00:19:15,745 [apscheduler.scheduler] INFO: Scheduler started
2026-06-16 00:19:15,746 [telegram.ext.Application] DEBUG: JobQueue started
2026-06-16 00:19:15,747 [telegram.ext.Application] INFO: Application started
2026-06-16 00:19:15,748 [telegram.ext.Updater] DEBUG: Updater started (polling)
2026-06-16 00:19:15,748 [telegram.ext.Updater] DEBUG: Start network loop retry bootstrap del webhook
2026-06-16 00:19:15,748 [telegram.ext.Updater] DEBUG: Deleting webhook
2026-06-16 00:19:15,748 [telegram.ext.Updater] DEBUG: Dropping pending updates from Telegram server
2026-06-16 00:19:15,748 [telegram.ext.ExtBot] DEBUG: Calling Bot API endpoint `deleteWebhook` with parameters `{'drop_pending_updates': True}`
2026-06-16 00:19:15,748 [apscheduler.scheduler] DEBUG: Looking for jobs to run
2026-06-16 00:19:15,748 [apscheduler.scheduler] DEBUG: No jobs; waiting until a job is added
2026-06-16 00:19:15,991 [telegram.ext.ExtBot] DEBUG: Call to Bot API endpoint `deleteWebhook` finished with return value `True`
2026-06-16 00:19:15,992 [telegram.ext.Updater] DEBUG: Bootstrap done
2026-06-16 00:19:15,994 [telegram.ext.Updater] DEBUG: Waiting for polling to start
2026-06-16 00:19:15,995 [telegram.ext.Updater] DEBUG: Polling updates from Telegram started
2026-06-16 00:19:15,995 [max2tg] INFO: Telegram polling started (reply → Max enabled)
2026-06-16 00:19:15,996 [max2tg] INFO: Starting Max listener...
2026-06-16 00:19:15,996 [app.max_client] INFO: Connecting to wss://ws-api.oneme.ru/websocket ...
2026-06-16 00:19:16,012 [telegram.ext.Updater] DEBUG: Start network loop retry getting Updates
2026-06-16 00:19:16,013 [telegram.ext.ExtBot] DEBUG: Calling Bot API endpoint `getUpdates` with parameters `{'timeout': 10, 'offset': 0, 'allowed_updates': [<UpdateType.MESSAGE>, <UpdateType.EDITED_MESSAGE>, <UpdateType.CHANNEL_POST>, <UpdateType.EDITED_CHANNEL_POST>, <UpdateType.INLINE_QUERY>, <UpdateType.CHOSEN_INLINE_RESULT>, <UpdateType.CALLBACK_QUERY>, <UpdateType.SHIPPING_QUERY>, <UpdateType.PRE_CHECKOUT_QUERY>, <UpdateType.POLL>, <UpdateType.POLL_ANSWER>, <UpdateType.MY_CHAT_MEMBER>, <UpdateType.CHAT_MEMBER>, <UpdateType.CHAT_JOIN_REQUEST>, <UpdateType.CHAT_BOOST>, <UpdateType.REMOVED_CHAT_BOOST>, <UpdateType.MESSAGE_REACTION>, <UpdateType.MESSAGE_REACTION_COUNT>, <UpdateType.BUSINESS_CONNECTION>, <UpdateType.BUSINESS_MESSAGE>, <UpdateType.EDITED_BUSINESS_MESSAGE>, <UpdateType.DELETED_BUSINESS_MESSAGES>, <UpdateType.PURCHASED_PAID_MEDIA>]}`
2026-06-16 00:19:16,454 [app.max_client] INFO: Connected. Sending handshake...
2026-06-16 00:19:16,460 [app.max_client] DEBUG: >>> SEND op=6 seq=0 | {"ver": 11, "cmd": 0, "seq": 0, "opcode": 6, "payload": {"deviceId": "2ed69ca5-3e69-4e88-b6ef-6bd277b2e54c", "userAgent": {"deviceType": "WEB", "deviceName": "Chrome 131.0.0.0"}, "appVersion": "25.12.11"}}
2026-06-16 00:19:16,545 [app.max_client] INFO: Handshake OK → sending auth token...
2026-06-16 00:19:16,550 [app.max_client] DEBUG: >>> SEND op=19 seq=1 | {"ver": 11, "cmd": 0, "seq": 1, "opcode": 19, "payload": {"chatsCount": 10, "interactive": true, "token": "***
2026-06-16 00:19:16,748 [app.max_client] INFO: Authorized! my_id=140241956
2026-06-16 00:19:16,757 [app.max_client] INFO: Dumped debug\snapshot.json (32589 bytes)
2026-06-16 00:19:16,758 [app.resolver] INFO: Snapshot parsed: 10 chats, my_id=140241956, 29 participant IDs to resolve
2026-06-16 00:19:16,759 [app.max_listener] INFO: Batch-resolving 29 participants...
2026-06-16 00:19:16,760 [app.max_client] DEBUG: >>> SEND op=32 seq=2 | {"ver": 11, "cmd": 0, "seq": 2, "opcode": 32, "payload": {"contactIds": [17040897, 113243014, 60548879, 202017815, 84402583, 138973976, 142883488, 140982947, 5961510, 46216232, 74863791, 17900592, 36243766, 38890808, 128636089, 8361024, 129055435, 126601933, 45482319, 127519700]}}
2026-06-16 00:19:16,760 [app.max_client] DEBUG: >>> SEND op=32 seq=3 | {"ver": 11, "cmd": 0, "seq": 3, "opcode": 32, "payload": {"contactIds": [7491156, 7299034, 543835, 139944284, 88828001, 75996665, 62694141, 33838463]}}
2026-06-16 00:19:26,772 [app.resolver] WARNING: Contact prefetch timed out after 10.0s: completed 0/2 chunks
2026-06-16 00:19:26,776 [app.max_listener] INFO: Resolved users: {140241956: 'Данил Зуйкевич'}
2026-06-16 00:19:26,777 [app.max_listener] INFO: Known chats: {1277756: 'DM:138973976', 139698303: 'DM:543835', -72005735508164: 'Первый Ягодный Курган', -68993983384096: 'АО "Энергосбытовая компания "Восток"', -72950460355122: 'Восток.Важно', -69694101241935: 'ВЗИД Состояние работы ПК Пирамида', 183364971: 'DM:45482319', 175301906: 'DM:36243766', 197135147: 'DM:60548879', 157280805: 'DM:17040897'}
2026-06-16 00:19:26,778 [app.max_listener] INFO: Known users: {140241956: 'Данил Зуйкевич'}
2026-06-16 00:19:26,779 [telegram.Bot] DEBUG: Calling Bot API endpoint `sendMessage` with parameters `{'chat_id': '491532109', 'text': '✅ <b>Max:</b> подключён | чатов: 10', 'parse_mode': <ParseMode.HTML>}`
2026-06-16 00:19:26,984 [telegram.ext.ExtBot] DEBUG: Call to Bot API endpoint `getUpdates` finished with return value `[]`
2026-06-16 00:19:26,988 [telegram.ext.ExtBot] DEBUG: No new updates found.
2026-06-16 00:19:26,989 [telegram.ext.ExtBot] DEBUG: Calling Bot API endpoint `getUpdates` with parameters `{'timeout': 10, 'offset': 0, 'allowed_updates': [<UpdateType.MESSAGE>, <UpdateType.EDITED_MESSAGE>, <UpdateType.CHANNEL_POST>, <UpdateType.EDITED_CHANNEL_POST>, <UpdateType.INLINE_QUERY>, <UpdateType.CHOSEN_INLINE_RESULT>, <UpdateType.CALLBACK_QUERY>, <UpdateType.SHIPPING_QUERY>, <UpdateType.PRE_CHECKOUT_QUERY>, <UpdateType.POLL>, <UpdateType.POLL_ANSWER>, <UpdateType.MY_CHAT_MEMBER>, <UpdateType.CHAT_MEMBER>, <UpdateType.CHAT_JOIN_REQUEST>, <UpdateType.CHAT_BOOST>, <UpdateType.REMOVED_CHAT_BOOST>, <UpdateType.MESSAGE_REACTION>, <UpdateType.MESSAGE_REACTION_COUNT>, <UpdateType.BUSINESS_CONNECTION>, <UpdateType.BUSINESS_MESSAGE>, <UpdateType.EDITED_BUSINESS_MESSAGE>, <UpdateType.DELETED_BUSINESS_MESSAGES>, <UpdateType.PURCHASED_PAID_MEDIA>]}`
2026-06-16 00:19:27,762 [app.tg_sender] ERROR: Failed to send to Telegram (attempt 1/3)
Traceback (most recent call last):
  File "C:\Users\hex_d\Downloads\chassehiboux\max2tg\app\tg_sender.py", line 53, in _retry
    return await coro_factory()
           ^^^^^^^^^^^^^^^^^^^^
  File "C:\Users\hex_d\AppData\Local\Programs\Python\Python312\Lib\site-packages\telegram\_bot.py", line 1017, in send_message
    return await self._send_message(
           ^^^^^^^^^^^^^^^^^^^^^^^^^
  File "C:\Users\hex_d\AppData\Local\Programs\Python\Python312\Lib\site-packages\telegram\_bot.py", line 729, in _send_message
    result = await self._post(
             ^^^^^^^^^^^^^^^^^
  File "C:\Users\hex_d\AppData\Local\Programs\Python\Python312\Lib\site-packages\telegram\_bot.py", line 617, in _post
    return await self._do_post(
           ^^^^^^^^^^^^^^^^^^^^
  File "C:\Users\hex_d\AppData\Local\Programs\Python\Python312\Lib\site-packages\telegram\_bot.py", line 646, in _do_post
    result = await request.post(
             ^^^^^^^^^^^^^^^^^^^
  File "C:\Users\hex_d\AppData\Local\Programs\Python\Python312\Lib\site-packages\telegram\request\_baserequest.py", line 202, in post
    result = await self._request_wrapper(
             ^^^^^^^^^^^^^^^^^^^^^^^^^^^^
  File "C:\Users\hex_d\AppData\Local\Programs\Python\Python312\Lib\site-packages\telegram\request\_baserequest.py", line 383, in _request_wrapper
    raise BadRequest(message)
telegram.error.BadRequest: Chat not found
2026-06-16 00:19:29,783 [telegram.Bot] DEBUG: Calling Bot API endpoint `sendMessage` with parameters `{'chat_id': '491532109', 'text': '✅ <b>Max:</b> подключён | чатов: 10', 'parse_mode': <ParseMode.HTML>}`
2026-06-16 00:19:30,124 [app.tg_sender] ERROR: Failed to send to Telegram (attempt 2/3)
Traceback (most recent call last):
  File "C:\Users\hex_d\Downloads\chassehiboux\max2tg\app\tg_sender.py", line 53, in _retry
    return await coro_factory()
           ^^^^^^^^^^^^^^^^^^^^
  File "C:\Users\hex_d\AppData\Local\Programs\Python\Python312\Lib\site-packages\telegram\_bot.py", line 1017, in send_message
    return await self._send_message(
           ^^^^^^^^^^^^^^^^^^^^^^^^^
  File "C:\Users\hex_d\AppData\Local\Programs\Python\Python312\Lib\site-packages\telegram\_bot.py", line 729, in _send_message
    result = await self._post(
             ^^^^^^^^^^^^^^^^^
  File "C:\Users\hex_d\AppData\Local\Programs\Python\Python312\Lib\site-packages\telegram\_bot.py", line 617, in _post
    return await self._do_post(
           ^^^^^^^^^^^^^^^^^^^^
  File "C:\Users\hex_d\AppData\Local\Programs\Python\Python312\Lib\site-packages\telegram\_bot.py", line 646, in _do_post
    result = await request.post(
             ^^^^^^^^^^^^^^^^^^^
  File "C:\Users\hex_d\AppData\Local\Programs\Python\Python312\Lib\site-packages\telegram\request\_baserequest.py", line 202, in post
    result = await self._request_wrapper(
             ^^^^^^^^^^^^^^^^^^^^^^^^^^^^
  File "C:\Users\hex_d\AppData\Local\Programs\Python\Python312\Lib\site-packages\telegram\request\_baserequest.py", line 383, in _request_wrapper
    raise BadRequest(message)
telegram.error.BadRequest: Chat not found
2026-06-16 00:19:34,147 [telegram.Bot] DEBUG: Calling Bot API endpoint `sendMessage` with parameters `{'chat_id': '491532109', 'text': '✅ <b>Max:</b> подключён | чатов: 10', 'parse_mode': <ParseMode.HTML>}`
2026-06-16 00:19:34,328 [app.tg_sender] ERROR: Failed to send to Telegram (attempt 3/3)
Traceback (most recent call last):
  File "C:\Users\hex_d\Downloads\chassehiboux\max2tg\app\tg_sender.py", line 53, in _retry
    return await coro_factory()
           ^^^^^^^^^^^^^^^^^^^^
  File "C:\Users\hex_d\AppData\Local\Programs\Python\Python312\Lib\site-packages\telegram\_bot.py", line 1017, in send_message
    return await self._send_message(
           ^^^^^^^^^^^^^^^^^^^^^^^^^
  File "C:\Users\hex_d\AppData\Local\Programs\Python\Python312\Lib\site-packages\telegram\_bot.py", line 729, in _send_message
    result = await self._post(
             ^^^^^^^^^^^^^^^^^
  File "C:\Users\hex_d\AppData\Local\Programs\Python\Python312\Lib\site-packages\telegram\_bot.py", line 617, in _post
    return await self._do_post(
           ^^^^^^^^^^^^^^^^^^^^
  File "C:\Users\hex_d\AppData\Local\Programs\Python\Python312\Lib\site-packages\telegram\_bot.py", line 646, in _do_post
    result = await request.post(
             ^^^^^^^^^^^^^^^^^^^
  File "C:\Users\hex_d\AppData\Local\Programs\Python\Python312\Lib\site-packages\telegram\request\_baserequest.py", line 202, in post
    result = await self._request_wrapper(
             ^^^^^^^^^^^^^^^^^^^^^^^^^^^^
  File "C:\Users\hex_d\AppData\Local\Programs\Python\Python312\Lib\site-packages\telegram\request\_baserequest.py", line 383, in _request_wrapper
    raise BadRequest(message)
telegram.error.BadRequest: Chat not found
2026-06-16 00:19:37,080 [telegram.ext.ExtBot] DEBUG: Call to Bot API endpoint `getUpdates` finished with return value `[]`
2026-06-16 00:19:37,081 [telegram.ext.ExtBot] DEBUG: No new updates found.
2026-06-16 00:19:37,082 [telegram.ext.ExtBot] DEBUG: Calling Bot API endpoint `getUpdates` with parameters `{'timeout': 10, 'offset': 0, 'allowed_updates': [<UpdateType.MESSAGE>, <UpdateType.EDITED_MESSAGE>, <UpdateType.CHANNEL_POST>, <UpdateType.EDITED_CHANNEL_POST>, <UpdateType.INLINE_QUERY>, <UpdateType.CHOSEN_INLINE_RESULT>, <UpdateType.CALLBACK_QUERY>, <UpdateType.SHIPPING_QUERY>, <UpdateType.PRE_CHECKOUT_QUERY>, <UpdateType.POLL>, <UpdateType.POLL_ANSWER>, <UpdateType.MY_CHAT_MEMBER>, <UpdateType.CHAT_MEMBER>, <UpdateType.CHAT_JOIN_REQUEST>, <UpdateType.CHAT_BOOST>, <UpdateType.REMOVED_CHAT_BOOST>, <UpdateType.MESSAGE_REACTION>, <UpdateType.MESSAGE_REACTION_COUNT>, <UpdateType.BUSINESS_CONNECTION>, <UpdateType.BUSINESS_MESSAGE>, <UpdateType.EDITED_BUSINESS_MESSAGE>, <UpdateType.DELETED_BUSINESS_MESSAGES>, <UpdateType.PURCHASED_PAID_MEDIA>]}`
2026-06-16 00:19:46,486 [app.max_client] DEBUG: >>> SEND op=1 seq=4 | {"ver": 11, "cmd": 0, "seq": 4, "opcode": 1, "payload": {"interactive": false}}
2026-06-16 00:19:46,567 [app.max_client] DEBUG: Heartbeat op=1
2026-06-16 00:19:47,175 [telegram.ext.ExtBot] DEBUG: Call to Bot API endpoint `getUpdates` finished with return value `[]`
2026-06-16 00:19:47,180 [telegram.ext.ExtBot] DEBUG: No new updates found.
2026-06-16 00:19:47,180 [telegram.ext.ExtBot] DEBUG: Calling Bot API endpoint `getUpdates` with parameters `{'timeout': 10, 'offset': 0, 'allowed_updates': [<UpdateType.MESSAGE>, <UpdateType.EDITED_MESSAGE>, <UpdateType.CHANNEL_POST>, <UpdateType.EDITED_CHANNEL_POST>, <UpdateType.INLINE_QUERY>, <UpdateType.CHOSEN_INLINE_RESULT>, <UpdateType.CALLBACK_QUERY>, <UpdateType.SHIPPING_QUERY>, <UpdateType.PRE_CHECKOUT_QUERY>, <UpdateType.POLL>, <UpdateType.POLL_ANSWER>, <UpdateType.MY_CHAT_MEMBER>, <UpdateType.CHAT_MEMBER>, <UpdateType.CHAT_JOIN_REQUEST>, <UpdateType.CHAT_BOOST>, <UpdateType.REMOVED_CHAT_BOOST>, <UpdateType.MESSAGE_REACTION>, <UpdateType.MESSAGE_REACTION_COUNT>, <UpdateType.BUSINESS_CONNECTION>, <UpdateType.BUSINESS_MESSAGE>, <UpdateType.EDITED_BUSINESS_MESSAGE>, <UpdateType.DELETED_BUSINESS_MESSAGES>, <UpdateType.PURCHASED_PAID_MEDIA>]}`
2026-06-16 00:19:57,307 [telegram.ext.ExtBot] DEBUG: Call to Bot API endpoint `getUpdates` finished with return value `[]`
2026-06-16 00:19:57,313 [telegram.ext.ExtBot] DEBUG: No new updates found.
2026-06-16 00:19:57,317 [telegram.ext.ExtBot] DEBUG: Calling Bot API endpoint `getUpdates` with parameters `{'timeout': 10, 'offset': 0, 'allowed_updates': [<UpdateType.MESSAGE>, <UpdateType.EDITED_MESSAGE>, <UpdateType.CHANNEL_POST>, <UpdateType.EDITED_CHANNEL_POST>, <UpdateType.INLINE_QUERY>, <UpdateType.CHOSEN_INLINE_RESULT>, <UpdateType.CALLBACK_QUERY>, <UpdateType.SHIPPING_QUERY>, <UpdateType.PRE_CHECKOUT_QUERY>, <UpdateType.POLL>, <UpdateType.POLL_ANSWER>, <UpdateType.MY_CHAT_MEMBER>, <UpdateType.CHAT_MEMBER>, <UpdateType.CHAT_JOIN_REQUEST>, <UpdateType.CHAT_BOOST>, <UpdateType.REMOVED_CHAT_BOOST>, <UpdateType.MESSAGE_REACTION>, <UpdateType.MESSAGE_REACTION_COUNT>, <UpdateType.BUSINESS_CONNECTION>, <UpdateType.BUSINESS_MESSAGE>, <UpdateType.EDITED_BUSINESS_MESSAGE>, <UpdateType.DELETED_BUSINESS_MESSAGES>, <UpdateType.PURCHASED_PAID_MEDIA>]}`
2026-06-16 00:20:07,500 [telegram.ext.ExtBot] DEBUG: Call to Bot API endpoint `getUpdates` finished with return value `[]`
2026-06-16 00:20:07,505 [telegram.ext.ExtBot] DEBUG: No new updates found.
2026-06-16 00:20:07,506 [telegram.ext.ExtBot] DEBUG: Calling Bot API endpoint `getUpdates` with parameters `{'timeout': 10, 'offset': 0, 'allowed_updates': [<UpdateType.MESSAGE>, <UpdateType.EDITED_MESSAGE>, <UpdateType.CHANNEL_POST>, <UpdateType.EDITED_CHANNEL_POST>, <UpdateType.INLINE_QUERY>, <UpdateType.CHOSEN_INLINE_RESULT>, <UpdateType.CALLBACK_QUERY>, <UpdateType.SHIPPING_QUERY>, <UpdateType.PRE_CHECKOUT_QUERY>, <UpdateType.POLL>, <UpdateType.POLL_ANSWER>, <UpdateType.MY_CHAT_MEMBER>, <UpdateType.CHAT_MEMBER>, <UpdateType.CHAT_JOIN_REQUEST>, <UpdateType.CHAT_BOOST>, <UpdateType.REMOVED_CHAT_BOOST>, <UpdateType.MESSAGE_REACTION>, <UpdateType.MESSAGE_REACTION_COUNT>, <UpdateType.BUSINESS_CONNECTION>, <UpdateType.BUSINESS_MESSAGE>, <UpdateType.EDITED_BUSINESS_MESSAGE>, <UpdateType.DELETED_BUSINESS_MESSAGES>, <UpdateType.PURCHASED_PAID_MEDIA>]}`
2026-06-16 00:20:16,483 [app.max_client] DEBUG: >>> SEND op=1 seq=5 | {"ver": 11, "cmd": 0, "seq": 5, "opcode": 1, "payload": {"interactive": false}}
2026-06-16 00:20:16,559 [app.max_client] DEBUG: Heartbeat op=1
2026-06-16 00:20:17,639 [telegram.ext.ExtBot] DEBUG: Call to Bot API endpoint `getUpdates` finished with return value `[]`
2026-06-16 00:20:17,642 [telegram.ext.ExtBot] DEBUG: No new updates found.
2026-06-16 00:20:17,642 [telegram.ext.ExtBot] DEBUG: Calling Bot API endpoint `getUpdates` with parameters `{'timeout': 10, 'offset': 0, 'allowed_updates': [<UpdateType.MESSAGE>, <UpdateType.EDITED_MESSAGE>, <UpdateType.CHANNEL_POST>, <UpdateType.EDITED_CHANNEL_POST>, <UpdateType.INLINE_QUERY>, <UpdateType.CHOSEN_INLINE_RESULT>, <UpdateType.CALLBACK_QUERY>, <UpdateType.SHIPPING_QUERY>, <UpdateType.PRE_CHECKOUT_QUERY>, <UpdateType.POLL>, <UpdateType.POLL_ANSWER>, <UpdateType.MY_CHAT_MEMBER>, <UpdateType.CHAT_MEMBER>, <UpdateType.CHAT_JOIN_REQUEST>, <UpdateType.CHAT_BOOST>, <UpdateType.REMOVED_CHAT_BOOST>, <UpdateType.MESSAGE_REACTION>, <UpdateType.MESSAGE_REACTION_COUNT>, <UpdateType.BUSINESS_CONNECTION>, <UpdateType.BUSINESS_MESSAGE>, <UpdateType.EDITED_BUSINESS_MESSAGE>, <UpdateType.DELETED_BUSINESS_MESSAGES>, <UpdateType.PURCHASED_PAID_MEDIA>]}`
2026-06-16 00:20:27,878 [telegram.ext.ExtBot] DEBUG: Call to Bot API endpoint `getUpdates` finished with return value `[]`
2026-06-16 00:20:27,883 [telegram.ext.ExtBot] DEBUG: No new updates found.
2026-06-16 00:20:27,884 [telegram.ext.ExtBot] DEBUG: Calling Bot API endpoint `getUpdates` with parameters `{'timeout': 10, 'offset': 0, 'allowed_updates': [<UpdateType.MESSAGE>, <UpdateType.EDITED_MESSAGE>, <UpdateType.CHANNEL_POST>, <UpdateType.EDITED_CHANNEL_POST>, <UpdateType.INLINE_QUERY>, <UpdateType.CHOSEN_INLINE_RESULT>, <UpdateType.CALLBACK_QUERY>, <UpdateType.SHIPPING_QUERY>, <UpdateType.PRE_CHECKOUT_QUERY>, <UpdateType.POLL>, <UpdateType.POLL_ANSWER>, <UpdateType.MY_CHAT_MEMBER>, <UpdateType.CHAT_MEMBER>, <UpdateType.CHAT_JOIN_REQUEST>, <UpdateType.CHAT_BOOST>, <UpdateType.REMOVED_CHAT_BOOST>, <UpdateType.MESSAGE_REACTION>, <UpdateType.MESSAGE_REACTION_COUNT>, <UpdateType.BUSINESS_CONNECTION>, <UpdateType.BUSINESS_MESSAGE>, <UpdateType.EDITED_BUSINESS_MESSAGE>, <UpdateType.DELETED_BUSINESS_MESSAGES>, <UpdateType.PURCHASED_PAID_MEDIA>]}`
2026-06-16 00:20:38,014 [telegram.ext.ExtBot] DEBUG: Call to Bot API endpoint `getUpdates` finished with return value `[]`
2026-06-16 00:20:38,019 [telegram.ext.ExtBot] DEBUG: No new updates found.
2026-06-16 00:20:38,020 [telegram.ext.ExtBot] DEBUG: Calling Bot API endpoint `getUpdates` with parameters `{'timeout': 10, 'offset': 0, 'allowed_updates': [<UpdateType.MESSAGE>, <UpdateType.EDITED_MESSAGE>, <UpdateType.CHANNEL_POST>, <UpdateType.EDITED_CHANNEL_POST>, <UpdateType.INLINE_QUERY>, <UpdateType.CHOSEN_INLINE_RESULT>, <UpdateType.CALLBACK_QUERY>, <UpdateType.SHIPPING_QUERY>, <UpdateType.PRE_CHECKOUT_QUERY>, <UpdateType.POLL>, <UpdateType.POLL_ANSWER>, <UpdateType.MY_CHAT_MEMBER>, <UpdateType.CHAT_MEMBER>, <UpdateType.CHAT_JOIN_REQUEST>, <UpdateType.CHAT_BOOST>, <UpdateType.REMOVED_CHAT_BOOST>, <UpdateType.MESSAGE_REACTION>, <UpdateType.MESSAGE_REACTION_COUNT>, <UpdateType.BUSINESS_CONNECTION>, <UpdateType.BUSINESS_MESSAGE>, <UpdateType.EDITED_BUSINESS_MESSAGE>, <UpdateType.DELETED_BUSINESS_MESSAGES>, <UpdateType.PURCHASED_PAID_MEDIA>]}`
2026-06-16 00:20:46,481 [app.max_client] DEBUG: >>> SEND op=1 seq=6 | {"ver": 11, "cmd": 0, "seq": 6, "opcode": 1, "payload": {"interactive": false}}
2026-06-16 00:20:46,560 [app.max_client] DEBUG: Heartbeat op=1
2026-06-16 00:20:48,256 [telegram.ext.ExtBot] DEBUG: Call to Bot API endpoint `getUpdates` finished with return value `[]`
2026-06-16 00:20:48,260 [telegram.ext.ExtBot] DEBUG: No new updates found.
2026-06-16 00:20:48,261 [telegram.ext.ExtBot] DEBUG: Calling Bot API endpoint `getUpdates` with parameters `{'timeout': 10, 'offset': 0, 'allowed_updates': [<UpdateType.MESSAGE>, <UpdateType.EDITED_MESSAGE>, <UpdateType.CHANNEL_POST>, <UpdateType.EDITED_CHANNEL_POST>, <UpdateType.INLINE_QUERY>, <UpdateType.CHOSEN_INLINE_RESULT>, <UpdateType.CALLBACK_QUERY>, <UpdateType.SHIPPING_QUERY>, <UpdateType.PRE_CHECKOUT_QUERY>, <UpdateType.POLL>, <UpdateType.POLL_ANSWER>, <UpdateType.MY_CHAT_MEMBER>, <UpdateType.CHAT_MEMBER>, <UpdateType.CHAT_JOIN_REQUEST>, <UpdateType.CHAT_BOOST>, <UpdateType.REMOVED_CHAT_BOOST>, <UpdateType.MESSAGE_REACTION>, <UpdateType.MESSAGE_REACTION_COUNT>, <UpdateType.BUSINESS_CONNECTION>, <UpdateType.BUSINESS_MESSAGE>, <UpdateType.EDITED_BUSINESS_MESSAGE>, <UpdateType.DELETED_BUSINESS_MESSAGES>, <UpdateType.PURCHASED_PAID_MEDIA>]}`
2026-06-16 00:21:17,647 [max2tg] INFO: Debug mode: OFF
2026-06-16 00:21:17,648 [max2tg] INFO: Using Telegram proxy: 188.253.23.149:3129
2026-06-16 00:21:21,164 [app.tg_sender] INFO: Telegram bot ready: @chassehiboux_max2tg_bot
2026-06-16 00:21:24,462 [max2tg] INFO: Telegram polling started (reply → Max enabled)
2026-06-16 00:21:24,463 [max2tg] INFO: Starting Max listener...
2026-06-16 00:21:24,463 [app.max_client] INFO: Connecting to wss://ws-api.oneme.ru/websocket ...
2026-06-16 00:21:25,098 [app.max_client] INFO: Connected. Sending handshake...
2026-06-16 00:21:25,182 [app.max_client] INFO: Handshake OK → sending auth token...
2026-06-16 00:21:25,371 [app.max_client] INFO: Authorized! my_id=140241956
2026-06-16 00:21:25,372 [app.resolver] INFO: Snapshot parsed: 10 chats, my_id=140241956, 29 participant IDs to resolve
2026-06-16 00:21:25,373 [app.max_listener] INFO: Batch-resolving 29 participants...
2026-06-16 00:21:35,368 [app.max_client] WARNING: cmd timeout: op=32 seq=2
2026-06-16 00:21:35,369 [app.max_client] INFO: fetch_contacts([17040897, 113243014, 60548879, 202017815, 84402583, 138973976, 142883488, 140982947, 5961510, 46216232, 74863791, 17900592, 36243766, 38890808, 128636089, 8361024, 129055435, 126601933, 45482319, 127519700]) → keys: []
2026-06-16 00:21:35,369 [app.max_client] WARNING: cmd timeout: op=32 seq=3
2026-06-16 00:21:35,370 [app.max_client] INFO: fetch_contacts([7491156, 7299034, 543835, 139944284, 88828001, 75996665, 62694141, 33838463]) → keys: []
2026-06-16 00:21:35,370 [app.max_listener] INFO: Resolved users: {140241956: 'Данил Зуйкевич'}
2026-06-16 00:21:35,371 [app.max_listener] INFO: Known chats: {1277756: 'DM:138973976', 139698303: 'DM:543835', -72005735508164: 'Первый Ягодный Курган', -68993983384096: 'АО "Энергосбытовая компания "Восток"', -72950460355122: 'Восток.Важно', -69694101241935: 'ВЗИД Состояние работы ПК Пирамида', 183364971: 'DM:45482319', 175301906: 'DM:36243766', 197135147: 'DM:60548879', 157280805: 'DM:17040897'}
2026-06-16 00:21:35,372 [app.max_listener] INFO: Known users: {140241956: 'Данил Зуйкевич'}
2026-06-16 00:21:36,532 [app.tg_sender] ERROR: Failed to send to Telegram (attempt 1/3)
Traceback (most recent call last):
  File "C:\Users\hex_d\Downloads\chassehiboux\max2tg\app\tg_sender.py", line 53, in _retry
    return await coro_factory()
           ^^^^^^^^^^^^^^^^^^^^
  File "C:\Users\hex_d\Downloads\chassehiboux\max2tg\.venv\Lib\site-packages\telegram\_bot.py", line 1138, in send_message
    return await self._send_message(
           ^^^^^^^^^^^^^^^^^^^^^^^^^
  File "C:\Users\hex_d\Downloads\chassehiboux\max2tg\.venv\Lib\site-packages\telegram\_bot.py", line 828, in _send_message
    result = await self._post(
             ^^^^^^^^^^^^^^^^^
  File "C:\Users\hex_d\Downloads\chassehiboux\max2tg\.venv\Lib\site-packages\telegram\_bot.py", line 712, in _post
    return await self._do_post(
           ^^^^^^^^^^^^^^^^^^^^
  File "C:\Users\hex_d\Downloads\chassehiboux\max2tg\.venv\Lib\site-packages\telegram\_bot.py", line 741, in _do_post
    result = await request.post(
             ^^^^^^^^^^^^^^^^^^^
  File "C:\Users\hex_d\Downloads\chassehiboux\max2tg\.venv\Lib\site-packages\telegram\request\_baserequest.py", line 198, in post
    result = await self._request_wrapper(
             ^^^^^^^^^^^^^^^^^^^^^^^^^^^^
  File "C:\Users\hex_d\Downloads\chassehiboux\max2tg\.venv\Lib\site-packages\telegram\request\_baserequest.py", line 375, in _request_wrapper
    raise exception
telegram.error.BadRequest: Chat not found
2026-06-16 00:21:38,739 [app.tg_sender] ERROR: Failed to send to Telegram (attempt 2/3)
Traceback (most recent call last):
  File "C:\Users\hex_d\Downloads\chassehiboux\max2tg\app\tg_sender.py", line 53, in _retry
    return await coro_factory()
           ^^^^^^^^^^^^^^^^^^^^
  File "C:\Users\hex_d\Downloads\chassehiboux\max2tg\.venv\Lib\site-packages\telegram\_bot.py", line 1138, in send_message
    return await self._send_message(
           ^^^^^^^^^^^^^^^^^^^^^^^^^
  File "C:\Users\hex_d\Downloads\chassehiboux\max2tg\.venv\Lib\site-packages\telegram\_bot.py", line 828, in _send_message
    result = await self._post(
             ^^^^^^^^^^^^^^^^^
  File "C:\Users\hex_d\Downloads\chassehiboux\max2tg\.venv\Lib\site-packages\telegram\_bot.py", line 712, in _post
    return await self._do_post(
           ^^^^^^^^^^^^^^^^^^^^
  File "C:\Users\hex_d\Downloads\chassehiboux\max2tg\.venv\Lib\site-packages\telegram\_bot.py", line 741, in _do_post
    result = await request.post(
             ^^^^^^^^^^^^^^^^^^^
  File "C:\Users\hex_d\Downloads\chassehiboux\max2tg\.venv\Lib\site-packages\telegram\request\_baserequest.py", line 198, in post
    result = await self._request_wrapper(
             ^^^^^^^^^^^^^^^^^^^^^^^^^^^^
  File "C:\Users\hex_d\Downloads\chassehiboux\max2tg\.venv\Lib\site-packages\telegram\request\_baserequest.py", line 375, in _request_wrapper
    raise exception
telegram.error.BadRequest: Chat not found
2026-06-16 00:21:42,869 [app.tg_sender] ERROR: Failed to send to Telegram (attempt 3/3)
Traceback (most recent call last):
  File "C:\Users\hex_d\Downloads\chassehiboux\max2tg\app\tg_sender.py", line 53, in _retry
    return await coro_factory()
           ^^^^^^^^^^^^^^^^^^^^
  File "C:\Users\hex_d\Downloads\chassehiboux\max2tg\.venv\Lib\site-packages\telegram\_bot.py", line 1138, in send_message
    return await self._send_message(
           ^^^^^^^^^^^^^^^^^^^^^^^^^
  File "C:\Users\hex_d\Downloads\chassehiboux\max2tg\.venv\Lib\site-packages\telegram\_bot.py", line 828, in _send_message
    result = await self._post(
             ^^^^^^^^^^^^^^^^^
  File "C:\Users\hex_d\Downloads\chassehiboux\max2tg\.venv\Lib\site-packages\telegram\_bot.py", line 712, in _post
    return await self._do_post(
           ^^^^^^^^^^^^^^^^^^^^
  File "C:\Users\hex_d\Downloads\chassehiboux\max2tg\.venv\Lib\site-packages\telegram\_bot.py", line 741, in _do_post
    result = await request.post(
             ^^^^^^^^^^^^^^^^^^^
  File "C:\Users\hex_d\Downloads\chassehiboux\max2tg\.venv\Lib\site-packages\telegram\request\_baserequest.py", line 198, in post
    result = await self._request_wrapper(
             ^^^^^^^^^^^^^^^^^^^^^^^^^^^^
  File "C:\Users\hex_d\Downloads\chassehiboux\max2tg\.venv\Lib\site-packages\telegram\request\_baserequest.py", line 375, in _request_wrapper
    raise exception
telegram.error.BadRequest: Chat not found
2026-06-16 00:22:24,295 [max2tg] INFO: Stopped.
2026-06-16 00:22:27,762 [max2tg] INFO: Debug mode: OFF
2026-06-16 00:22:27,763 [max2tg] INFO: Using Telegram proxy: 188.253.23.149:3129
2026-06-16 00:22:30,989 [app.tg_sender] INFO: Telegram bot ready: @chassehiboux_max2tg_bot
2026-06-16 00:22:34,623 [max2tg] INFO: Telegram polling started (reply → Max enabled)
2026-06-16 00:22:34,623 [max2tg] INFO: Starting Max listener...
2026-06-16 00:22:34,623 [app.max_client] INFO: Connecting to wss://ws-api.oneme.ru/websocket ...
2026-06-16 00:22:35,155 [app.max_client] INFO: Connected. Sending handshake...
2026-06-16 00:22:35,255 [app.max_client] INFO: Handshake OK → sending auth token...
2026-06-16 00:22:35,454 [app.max_client] INFO: Authorized! my_id=140241956
2026-06-16 00:22:35,454 [app.resolver] INFO: Snapshot parsed: 10 chats, my_id=140241956, 29 participant IDs to resolve
2026-06-16 00:22:35,454 [app.max_listener] INFO: Batch-resolving 29 participants...
2026-06-16 00:22:45,450 [app.max_client] WARNING: cmd timeout: op=32 seq=2
2026-06-16 00:22:45,450 [app.max_client] INFO: fetch_contacts([17040897, 113243014, 60548879, 202017815, 84402583, 138973976, 142883488, 140982947, 5961510, 46216232, 74863791, 17900592, 36243766, 38890808, 128636089, 8361024, 129055435, 126601933, 45482319, 127519700]) → keys: []
2026-06-16 00:22:45,451 [app.max_client] WARNING: cmd timeout: op=32 seq=3
2026-06-16 00:22:45,452 [app.max_client] INFO: fetch_contacts([7491156, 7299034, 543835, 139944284, 88828001, 75996665, 62694141, 33838463]) → keys: []
2026-06-16 00:22:45,452 [app.max_listener] INFO: Resolved users: {140241956: 'Данил Зуйкевич'}
2026-06-16 00:22:45,453 [app.max_listener] INFO: Known chats: {1277756: 'DM:138973976', 139698303: 'DM:543835', -72005735508164: 'Первый Ягодный Курган', -68993983384096: 'АО "Энергосбытовая компания "Восток"', -72950460355122: 'Восток.Важно', -69694101241935: 'ВЗИД Состояние работы ПК Пирамида', 183364971: 'DM:45482319', 175301906: 'DM:36243766', 197135147: 'DM:60548879', 157280805: 'DM:17040897'}
2026-06-16 00:22:45,454 [app.max_listener] INFO: Known users: {140241956: 'Данил Зуйкевич'}
2026-06-16 00:26:53,610 [app.max_listener] INFO: New message: chat=1277756 sender=138973976 is_self=False text='Привет' attaches=0
2026-06-16 00:26:53,704 [app.max_client] INFO: fetch_contacts([138973976]) → keys: ['contacts']
2026-06-16 00:26:53,704 [app.resolver] INFO: Resolved contact 138973976 → Анна Безверхая
2026-06-16 00:26:54,748 [app.max_listener] INFO: Forwarded text → TG
2026-06-16 00:27:08,340 [app.max_client] INFO: <<< EVENT op=150  cmd=0   | {"recentsList": [], "type": "RECENT", "emojiList": ["💬"], "recentEmojiList": [], "updateType": "ADDED"}
2026-06-16 00:27:08,340 [app.max_client] INFO: send_message(chat=1277756) → OK
2026-06-16 00:27:08,560 [app.max_client] INFO: <<< EVENT op=130  cmd=0   | {"setAsUnread": false, "chatId": 1277756, "userId": 138973976, "mark": 1781551586866}
2026-06-16 00:28:09,801 [max2tg] INFO: Stopped.
